# JRE version: Java(TM) SE Runtime Environment (8.0_171-b11) (build 1.8.0_171-b11)
# Java VM: Java HotSpot(TM) 64-Bit Server VM (25.171-b11 mixed mode windows-amd64 compressed oops)
Heap:
 PSYoungGen      total 650752K, used 433573K [0x00000000d5580000, 0x00000000fff00000, 0x0000000100000000)
  eden space 629760K, 68% used [0x00000000d5580000,0x00000000ef9b4540,0x00000000fbc80000)
  from space 20992K, 15% used [0x00000000fbc80000,0x00000000fbfb5220,0x00000000fd100000)
  to   space 19968K, 0% used [0x00000000feb80000,0x00000000feb80000,0x00000000fff00000)
 ParOldGen       total 585728K, used 65650K [0x0000000080000000, 0x00000000a3c00000, 0x00000000d5580000)
  object space 585728K, 11% used [0x0000000080000000,0x000000008401c9b8,0x00000000a3c00000)
 Metaspace       used 59380K, capacity 64388K, committed 64536K, reserved 1103872K
  class space    used 7865K, capacity 9657K, committed 9752K, reserved 1048576K
GC Heap History (10 events):
Event: 37.101 GC heap before
{Heap before GC invocations=22 (full 3):
 PSYoungGen      total 590848K, used 579169K [0x00000000d5580000, 0x00000000fb300000, 0x0000000100000000)
  eden space 572928K, 100% used [0x00000000d5580000,0x00000000f8500000,0x00000000f8500000)
  from space 17920K, 34% used [0x00000000fa180000,0x00000000fa798540,0x00000000fb300000)
  to   space 23552K, 0% used [0x00000000f8500000,0x00000000f8500000,0x00000000f9c00000)
 ParOldGen       total 585728K, used 62250K [0x0000000080000000, 0x00000000a3c00000, 0x00000000d5580000)
  object space 585728K, 10% used [0x0000000080000000,0x0000000083cca840,0x00000000a3c00000)
 Metaspace       used 59379K, capacity 64388K, committed 64536K, reserved 1103872K
  class space    used 7865K, capacity 9657K, committed 9752K, reserved 1048576K
Event: 37.110 GC heap after
Heap after GC invocations=22 (full 3):
 PSYoungGen      total 596480K, used 3392K [0x00000000d5580000, 0x00000000fd280000, 0x0000000100000000)
  eden space 572928K, 0% used [0x00000000d5580000,0x00000000d5580000,0x00000000f8500000)
  from space 23552K, 14% used [0x00000000f8500000,0x00000000f88500a0,0x00000000f9c00000)
  to   space 23040K, 0% used [0x00000000fbc00000,0x00000000fbc00000,0x00000000fd280000)
 ParOldGen       total 585728K, used 65346K [0x0000000080000000, 0x00000000a3c00000, 0x00000000d5580000)
  object space 585728K, 11% used [0x0000000080000000,0x0000000083fd09a8,0x00000000a3c00000)
 Metaspace       used 59379K, capacity 64388K, committed 64536K, reserved 1103872K
  class space    used 7865K, capacity 9657K, committed 9752K, reserved 1048576K
}
Event: 40.640 GC heap before
{Heap before GC invocations=23 (full 3):
 PSYoungGen      total 596480K, used 576320K [0x00000000d5580000, 0x00000000fd280000, 0x0000000100000000)
  eden space 572928K, 100% used [0x00000000d5580000,0x00000000f8500000,0x00000000f8500000)
  from space 23552K, 14% used [0x00000000f8500000,0x00000000f88500a0,0x00000000f9c00000)
  to   space 23040K, 0% used [0x00000000fbc00000,0x00000000fbc00000,0x00000000fd280000)
 ParOldGen       total 585728K, used 65346K [0x0000000080000000, 0x00000000a3c00000, 0x00000000d5580000)
  object space 585728K, 11% used [0x0000000080000000,0x0000000083fd09a8,0x00000000a3c00000)
 Metaspace       used 59379K, capacity 64388K, committed 64536K, reserved 1103872K
  class space    used 7865K, capacity 9657K, committed 9752K, reserved 1048576K
Event: 40.646 GC heap after
Heap after GC invocations=23 (full 3):
 PSYoungGen      total 616960K, used 3232K [0x00000000d5580000, 0x00000000fcc00000, 0x0000000100000000)
  eden space 600576K, 0% used [0x00000000d5580000,0x00000000d5580000,0x00000000fa000000)
  from space 16384K, 19% used [0x00000000fbc00000,0x00000000fbf280a0,0x00000000fcc00000)
  to   space 22528K, 0% used [0x00000000fa000000,0x00000000fa000000,0x00000000fb600000)
 ParOldGen       total 585728K, used 65466K [0x0000000080000000, 0x00000000a3c00000, 0x00000000d5580000)
  object space 585728K, 11% used [0x0000000080000000,0x0000000083fee9a8,0x00000000a3c00000)
 Metaspace       used 59379K, capacity 64388K, committed 64536K, reserved 1103872K
  class space    used 7865K, capacity 9657K, committed 9752K, reserved 1048576K
}
Event: 42.374 GC heap before
{Heap before GC invocations=24 (full 3):
 PSYoungGen      total 616960K, used 603808K [0x00000000d5580000, 0x00000000fcc00000, 0x0000000100000000)
  eden space 600576K, 100% used [0x00000000d5580000,0x00000000fa000000,0x00000000fa000000)
  from space 16384K, 19% used [0x00000000fbc00000,0x00000000fbf280a0,0x00000000fcc00000)
  to   space 22528K, 0% used [0x00000000fa000000,0x00000000fa000000,0x00000000fb600000)
 ParOldGen       total 585728K, used 65466K [0x0000000080000000, 0x00000000a3c00000, 0x00000000d5580000)
  object space 585728K, 11% used [0x0000000080000000,0x0000000083fee9a8,0x00000000a3c00000)
 Metaspace       used 59380K, capacity 64388K, committed 64536K, reserved 1103872K
  class space    used 7865K, capacity 9657K, committed 9752K, reserved 1048576K
Event: 42.386 GC heap after
Heap after GC invocations=24 (full 3):
 PSYoungGen      total 623104K, used 3232K [0x00000000d5580000, 0x00000000fe900000, 0x0000000100000000)
  eden space 600576K, 0% used [0x00000000d5580000,0x00000000d5580000,0x00000000fa000000)
  from space 22528K, 14% used [0x00000000fa000000,0x00000000fa3280a0,0x00000000fb600000)
  to   space 21504K, 0% used [0x00000000fd400000,0x00000000fd400000,0x00000000fe900000)
 ParOldGen       total 585728K, used 65586K [0x0000000080000000, 0x00000000a3c00000, 0x00000000d5580000)
  object space 585728K, 11% used [0x0000000080000000,0x000000008400c9b8,0x00000000a3c00000)
 Metaspace       used 59380K, capacity 64388K, committed 64536K, reserved 1103872K
  class space    used 7865K, capacity 9657K, committed 9752K, reserved 1048576K
}
Event: 45.147 GC heap before
{Heap before GC invocations=25 (full 3):
 PSYoungGen      total 623104K, used 603808K [0x00000000d5580000, 0x00000000fe900000, 0x0000000100000000)
  eden space 600576K, 100% used [0x00000000d5580000,0x00000000fa000000,0x00000000fa000000)
  from space 22528K, 14% used [0x00000000fa000000,0x00000000fa3280a0,0x00000000fb600000)
  to   space 21504K, 0% used [0x00000000fd400000,0x00000000fd400000,0x00000000fe900000)
 ParOldGen       total 585728K, used 65586K [0x0000000080000000, 0x00000000a3c00000, 0x00000000d5580000)
  object space 585728K, 11% used [0x0000000080000000,0x000000008400c9b8,0x00000000a3c00000)
 Metaspace       used 59380K, capacity 64388K, committed 64536K, reserved 1103872K
  class space    used 7865K, capacity 9657K, committed 9752K, reserved 1048576K
Event: 45.157 GC heap after
Heap after GC invocations=25 (full 3):
 PSYoungGen      total 647680K, used 3648K [0x00000000d5580000, 0x00000000fe580000, 0x0000000100000000)
  eden space 629760K, 0% used [0x00000000d5580000,0x00000000d5580000,0x00000000fbc80000)
  from space 17920K, 20% used [0x00000000fd400000,0x00000000fd7900a0,0x00000000fe580000)
  to   space 20992K, 0% used [0x00000000fbc80000,0x00000000fbc80000,0x00000000fd100000)
 ParOldGen       total 585728K, used 65618K [0x0000000080000000, 0x00000000a3c00000, 0x00000000d5580000)
  object space 585728K, 11% used [0x0000000080000000,0x00000000840149b8,0x00000000a3c00000)
 Metaspace       used 59380K, capacity 64388K, committed 64536K, reserved 1103872K
  class space    used 7865K, capacity 9657K, committed 9752K, reserved 1048576K
}
Event: 47.229 GC heap before
{Heap before GC invocations=26 (full 3):
 PSYoungGen      total 647680K, used 633408K [0x00000000d5580000, 0x00000000fe580000, 0x0000000100000000)
  eden space 629760K, 100% used [0x00000000d5580000,0x00000000fbc80000,0x00000000fbc80000)
  from space 17920K, 20% used [0x00000000fd400000,0x00000000fd7900a0,0x00000000fe580000)
  to   space 20992K, 0% used [0x00000000fbc80000,0x00000000fbc80000,0x00000000fd100000)
 ParOldGen       total 585728K, used 65618K [0x0000000080000000, 0x00000000a3c00000, 0x00000000d5580000)
  object space 585728K, 11% used [0x0000000080000000,0x00000000840149b8,0x00000000a3c00000)
 Metaspace       used 59380K, capacity 64388K, committed 64536K, reserved 1103872K
  class space    used 7865K, capacity 9657K, committed 9752K, reserved 1048576K
Event: 47.236 GC heap after
Heap after GC invocations=26 (full 3):
 PSYoungGen      total 650752K, used 3284K [0x00000000d5580000, 0x00000000fff00000, 0x0000000100000000)
  eden space 629760K, 0% used [0x00000000d5580000,0x00000000d5580000,0x00000000fbc80000)
  from space 20992K, 15% used [0x00000000fbc80000,0x00000000fbfb5220,0x00000000fd100000)
  to   space 19968K, 0% used [0x00000000feb80000,0x00000000feb80000,0x00000000fff00000)
 ParOldGen       total 585728K, used 65650K [0x0000000080000000, 0x00000000a3c00000, 0x00000000d5580000)
  object space 585728K, 11% used [0x0000000080000000,0x000000008401c9b8,0x00000000a3c00000)
 Metaspace       used 59380K, capacity 64388K, committed 64536K, reserved 1103872K
  class space    used 7865K, capacity 9657K, committed 9752K, reserved 1048576K
}

